<?xml version="1.0" encoding="UTF-8"?>
<!-- Generated by org.testng.reporters.JUnitXMLReporter -->
<testsuite ignored="0" hostname="LAPTOP-5RLJ5LQ0" failures="0" tests="2" name="Error Validations Test" time="71.658" errors="0" timestamp="2023-05-24T02:17:49 IST">
  <testcase classname="rahulshettyacademy.tests.ErrorValidationsTest" name="LoginErrorValidation" time="1.155"/>
  <testcase classname="rahulshettyacademy.tests.ErrorValidationsTest" name="ProductErrorValidation" time="3.653"/>
</testsuite> <!-- Error Validations Test -->
