<?xml version="1.0" encoding="UTF-8"?>
<testng-results ignored="0" total="5" passed="5" failed="0" skipped="0">
  <reporter-output>
  </reporter-output>
  <suite started-at="2023-05-24T02:16:37 IST" name="Suite" finished-at="2023-05-24T02:17:59 IST" duration-ms="82201">
    <groups>
      <group name="ErrorHandling">
        <method signature="ErrorValidationsTest.LoginErrorValidation()[pri:0, instance:rahulshettyacademy.tests.ErrorValidationsTest@65e98b1c]" name="LoginErrorValidation" class="rahulshettyacademy.tests.ErrorValidationsTest"/>
      </group> <!-- ErrorHandling -->
      <group name="Purchase">
        <method signature="SubmitOrderTest.submitOrder(java.util.HashMap)[pri:0, instance:rahulshettyacademy.tests.SubmitOrderTest@33d512c1]" name="submitOrder" class="rahulshettyacademy.tests.SubmitOrderTest"/>
      </group> <!-- Purchase -->
    </groups>
    <test started-at="2023-05-24T02:16:37 IST" name="Error Validations Test" finished-at="2023-05-24T02:17:49 IST" duration-ms="71658">
      <class name="rahulshettyacademy.tests.ErrorValidationsTest">
        <test-method is-config="true" signature="launchApplication()[pri:0, instance:rahulshettyacademy.tests.ErrorValidationsTest@65e98b1c]" started-at="2023-05-24T02:16:37 IST" name="launchApplication" finished-at="2023-05-24T02:17:32 IST" duration-ms="54651" status="PASS">
          <reporter-output>
          </reporter-output>
        </test-method> <!-- launchApplication -->
        <test-method signature="LoginErrorValidation()[pri:0, instance:rahulshettyacademy.tests.ErrorValidationsTest@65e98b1c]" started-at="2023-05-24T02:17:32 IST" name="LoginErrorValidation" finished-at="2023-05-24T02:17:33 IST" duration-ms="1155" status="PASS">
          <reporter-output>
          </reporter-output>
        </test-method> <!-- LoginErrorValidation -->
        <test-method is-config="true" signature="tearDown()[pri:0, instance:rahulshettyacademy.tests.ErrorValidationsTest@65e98b1c]" started-at="2023-05-24T02:17:33 IST" name="tearDown" finished-at="2023-05-24T02:17:34 IST" duration-ms="950" status="PASS">
          <reporter-output>
          </reporter-output>
        </test-method> <!-- tearDown -->
        <test-method is-config="true" signature="launchApplication()[pri:0, instance:rahulshettyacademy.tests.ErrorValidationsTest@65e98b1c]" started-at="2023-05-24T02:17:34 IST" name="launchApplication" finished-at="2023-05-24T02:17:44 IST" duration-ms="10293" status="PASS">
          <reporter-output>
          </reporter-output>
        </test-method> <!-- launchApplication -->
        <test-method signature="ProductErrorValidation()[pri:0, instance:rahulshettyacademy.tests.ErrorValidationsTest@65e98b1c]" started-at="2023-05-24T02:17:44 IST" name="ProductErrorValidation" finished-at="2023-05-24T02:17:48 IST" duration-ms="3653" status="PASS">
          <reporter-output>
          </reporter-output>
        </test-method> <!-- ProductErrorValidation -->
        <test-method is-config="true" signature="tearDown()[pri:0, instance:rahulshettyacademy.tests.ErrorValidationsTest@65e98b1c]" started-at="2023-05-24T02:17:48 IST" name="tearDown" finished-at="2023-05-24T02:17:49 IST" duration-ms="881" status="PASS">
          <reporter-output>
          </reporter-output>
        </test-method> <!-- tearDown -->
      </class> <!-- rahulshettyacademy.tests.ErrorValidationsTest -->
    </test> <!-- Error Validations Test -->
    <test started-at="2023-05-24T02:16:37 IST" name="Submit Order Test" finished-at="2023-05-24T02:17:59 IST" duration-ms="82201">
      <class name="rahulshettyacademy.tests.SubmitOrderTest">
        <test-method is-config="true" signature="launchApplication()[pri:0, instance:rahulshettyacademy.tests.SubmitOrderTest@33d512c1]" started-at="2023-05-24T02:16:37 IST" name="launchApplication" finished-at="2023-05-24T02:17:32 IST" duration-ms="54098" status="PASS">
          <reporter-output>
          </reporter-output>
        </test-method> <!-- launchApplication -->
        <test-method signature="submitOrder(java.util.HashMap)[pri:0, instance:rahulshettyacademy.tests.SubmitOrderTest@33d512c1]" started-at="2023-05-24T02:17:32 IST" name="submitOrder" data-provider="getData" finished-at="2023-05-24T02:17:37 IST" duration-ms="5645" status="PASS">
          <params>
            <param index="0">
              <value>
                <![CDATA[{password=Iamking@000, product=ZARA COAT 3, email=anshika@gmail.com}]]>
              </value>
            </param>
          </params>
          <reporter-output>
          </reporter-output>
        </test-method> <!-- submitOrder -->
        <test-method is-config="true" signature="tearDown()[pri:0, instance:rahulshettyacademy.tests.SubmitOrderTest@33d512c1]" started-at="2023-05-24T02:17:37 IST" name="tearDown" finished-at="2023-05-24T02:17:38 IST" duration-ms="998" status="PASS">
          <reporter-output>
          </reporter-output>
        </test-method> <!-- tearDown -->
        <test-method is-config="true" signature="launchApplication()[pri:0, instance:rahulshettyacademy.tests.SubmitOrderTest@33d512c1]" started-at="2023-05-24T02:17:38 IST" name="launchApplication" finished-at="2023-05-24T02:17:48 IST" duration-ms="10095" status="PASS">
          <reporter-output>
          </reporter-output>
        </test-method> <!-- launchApplication -->
        <test-method signature="submitOrder(java.util.HashMap)[pri:0, instance:rahulshettyacademy.tests.SubmitOrderTest@33d512c1]" started-at="2023-05-24T02:17:48 IST" name="submitOrder" data-provider="getData" finished-at="2023-05-24T02:17:52 IST" duration-ms="3690" status="PASS">
          <params>
            <param index="0">
              <value>
                <![CDATA[{password=Iamking@000, product=ADIDAS ORIGINAL, email=shetty@gmail.com}]]>
              </value>
            </param>
          </params>
          <reporter-output>
          </reporter-output>
        </test-method> <!-- submitOrder -->
        <test-method is-config="true" signature="tearDown()[pri:0, instance:rahulshettyacademy.tests.SubmitOrderTest@33d512c1]" started-at="2023-05-24T02:17:52 IST" name="tearDown" finished-at="2023-05-24T02:17:52 IST" duration-ms="395" status="PASS">
          <reporter-output>
          </reporter-output>
        </test-method> <!-- tearDown -->
        <test-method is-config="true" signature="launchApplication()[pri:0, instance:rahulshettyacademy.tests.SubmitOrderTest@33d512c1]" started-at="2023-05-24T02:17:52 IST" name="launchApplication" finished-at="2023-05-24T02:17:58 IST" duration-ms="5700" status="PASS">
          <reporter-output>
          </reporter-output>
        </test-method> <!-- launchApplication -->
        <test-method signature="OrderHistoryTest()[pri:0, instance:rahulshettyacademy.tests.SubmitOrderTest@33d512c1]" started-at="2023-05-24T02:17:58 IST" name="OrderHistoryTest" finished-at="2023-05-24T02:17:59 IST" depends-on-methods="rahulshettyacademy.tests.SubmitOrderTest.submitOrder" duration-ms="967" status="PASS">
          <reporter-output>
          </reporter-output>
        </test-method> <!-- OrderHistoryTest -->
        <test-method is-config="true" signature="tearDown()[pri:0, instance:rahulshettyacademy.tests.SubmitOrderTest@33d512c1]" started-at="2023-05-24T02:17:59 IST" name="tearDown" finished-at="2023-05-24T02:17:59 IST" duration-ms="137" status="PASS">
          <reporter-output>
          </reporter-output>
        </test-method> <!-- tearDown -->
      </class> <!-- rahulshettyacademy.tests.SubmitOrderTest -->
    </test> <!-- Submit Order Test -->
  </suite> <!-- Suite -->
</testng-results>
